\BOOKMARK [1][-]{abstract.1}{\376\377\000A\000b\000s\000t\000r\000a\000c\000t}{}% 1
\BOOKMARK [0][-]{toc.0}{\376\377\000C\000o\000n\000t\000e\000\372\000d\000o}{}% 2
\BOOKMARK [0][-]{chapter*.8}{\376\377\000L\000i\000s\000t\000a\000\040\000d\000e\000\040\000F\000i\000g\000u\000r\000a\000s}{}% 3
\BOOKMARK [0][-]{chapter*.9}{\376\377\000L\000i\000s\000t\000a\000\040\000d\000e\000\040\000T\000a\000b\000e\000l\000a\000s}{}% 4
\BOOKMARK [0][-]{chapter*.9}{\376\377\000S\000i\000g\000l\000a\000s}{}% 5
\BOOKMARK [0][-]{chapter.1}{\376\377\0001\000.\000\040\000I\000n\000t\000r\000o\000d\000u\000\347\000\343\000o}{}% 6
\BOOKMARK [1][-]{section.1.1}{\376\377\0001\000.\0001\000.\000\040\000O\000b\000j\000e\000t\000o\000\040\000d\000o\000\040\000T\000r\000a\000b\000a\000l\000h\000o}{chapter.1}% 7
\BOOKMARK [1][-]{section.1.2}{\376\377\0001\000.\0002\000.\000\040\000J\000u\000s\000t\000i\000f\000i\000c\000a\000\347\000\343\000o\000\040\000e\000\040\000P\000e\000r\000t\000i\000n\000\352\000n\000c\000i\000a\000\040\000d\000o\000\040\000T\000e\000m\000a}{chapter.1}% 8
\BOOKMARK [1][-]{section.1.3}{\376\377\0001\000.\0003\000.\000\040\000O\000b\000j\000e\000t\000i\000v\000o\000s\000\040\000d\000o\000\040\000T\000r\000a\000b\000a\000l\000h\000o}{chapter.1}% 9
\BOOKMARK [2][-]{subsection.1.3.1}{\376\377\0001\000.\0003\000.\0001\000.\000\040\000O\000b\000j\000e\000t\000i\000v\000o\000\040\000G\000e\000r\000a\000l}{section.1.3}% 10
\BOOKMARK [2][-]{subsection.1.3.2}{\376\377\0001\000.\0003\000.\0002\000.\000\040\000O\000b\000j\000e\000t\000i\000v\000o\000s\000\040\000E\000s\000p\000e\000c\000\355\000f\000i\000c\000o\000s}{section.1.3}% 11
\BOOKMARK [1][-]{section.1.4}{\376\377\0001\000.\0004\000.\000\040\000C\000o\000n\000t\000r\000i\000b\000u\000t\000o\000s\000\040\000d\000o\000\040\000T\000r\000a\000b\000a\000l\000h\000o}{chapter.1}% 12
\BOOKMARK [1][-]{section.1.5}{\376\377\0001\000.\0005\000.\000\040\000E\000s\000t\000r\000u\000t\000u\000r\000a\000\040\000d\000o\000\040\000D\000o\000c\000u\000m\000e\000n\000t\000o}{chapter.1}% 13
\BOOKMARK [0][-]{chapter.2}{\376\377\0002\000.\000\040\000F\000u\000n\000d\000a\000m\000e\000n\000t\000a\000\347\000\343\000o\000\040\000T\000e\000\363\000r\000i\000c\000a\000\040\000e\000\040\000E\000s\000t\000a\000d\000o\000\040\000d\000a\000\040\000A\000r\000t\000e}{}% 14
\BOOKMARK [1][-]{section.2.1}{\376\377\0002\000.\0001\000.\000\040\000C\000o\000n\000t\000e\000x\000t\000o\000\040\000T\000e\000\363\000r\000i\000c\000o}{chapter.2}% 15
\BOOKMARK [1][-]{section.2.2}{\376\377\0002\000.\0002\000.\000\040\000C\000o\000n\000c\000e\000i\000t\000o\000s\000\040\000F\000u\000n\000d\000a\000m\000e\000n\000t\000a\000i\000s\000\040\000d\000e\000\040\000N\000a\000r\000r\000a\000t\000i\000v\000a\000s\000\040\000N\000\343\000o\000-\000L\000i\000n\000e\000a\000r\000e\000s}{chapter.2}% 16
\BOOKMARK [1][-]{section.2.3}{\376\377\0002\000.\0003\000.\000\040\000T\000e\000o\000r\000i\000a\000\040\000d\000e\000\040\000G\000r\000a\000f\000o\000s\000\040\000n\000a\000\040\000N\000a\000r\000r\000a\000t\000i\000v\000a\000\040\000I\000n\000t\000e\000r\000a\000t\000i\000v\000a}{chapter.2}% 17
\BOOKMARK [2][-]{subsection.2.3.1}{\376\377\0002\000.\0003\000.\0001\000.\000\040\000T\000i\000p\000o\000s\000\040\000d\000e\000\040\000G\000r\000a\000f\000o\000s\000\040\000e\000\040\000A\000p\000l\000i\000c\000a\000\347\000\343\000o\000\040\000N\000a\000r\000r\000a\000t\000i\000v\000a}{section.2.3}% 18
\BOOKMARK [2][-]{subsection.2.3.2}{\376\377\0002\000.\0003\000.\0002\000.\000\040\000M\000o\000d\000e\000l\000a\000\347\000\343\000o\000\040\000p\000o\000r\000\040\000G\000r\000a\000f\000o\000\040\000C\000o\000n\000t\000r\000o\000l\000a\000d\000o\000\040\000p\000o\000r\000\040\000E\000s\000t\000a\000d\000o\000s}{section.2.3}% 19
\BOOKMARK [2][-]{subsection.2.3.3}{\376\377\0002\000.\0003\000.\0003\000.\000\040\000O\000\040\000D\000e\000s\000a\000f\000i\000o\000\040\000d\000a\000\040\000E\000x\000p\000l\000o\000s\000\343\000o\000\040\000C\000o\000m\000b\000i\000n\000a\000t\000\363\000r\000i\000a}{section.2.3}% 20
\BOOKMARK [1][-]{section.2.4}{\376\377\0002\000.\0004\000.\000\040\000S\000o\000f\000t\000w\000a\000r\000e\000\040\000d\000e\000\040\000C\000r\000i\000a\000\347\000\343\000o\000\040\000d\000e\000\040\000H\000i\000s\000t\000\363\000r\000i\000a\000s\000\040\000n\000\343\000o\000\040\000L\000i\000n\000e\000a\000r\000e\000s}{chapter.2}% 21
\BOOKMARK [2][-]{subsection.2.4.1}{\376\377\0002\000.\0004\000.\0001\000.\000\040\000T\000w\000i\000n\000e}{section.2.4}% 22
\BOOKMARK [2][-]{subsection.2.4.2}{\376\377\0002\000.\0004\000.\0002\000.\000\040\000I\000n\000k\000\040\000\050\000I\000n\000k\000l\000e\000\040\000S\000t\000u\000d\000i\000o\000s\000\051}{section.2.4}% 23
\BOOKMARK [2][-]{subsection.2.4.3}{\376\377\0002\000.\0004\000.\0003\000.\000\040\000C\000h\000o\000i\000c\000e\000S\000c\000r\000i\000p\000t}{section.2.4}% 24
\BOOKMARK [2][-]{subsection.2.4.4}{\376\377\0002\000.\0004\000.\0004\000.\000\040\000Y\000a\000r\000n\000\040\000S\000p\000i\000n\000n\000e\000r}{section.2.4}% 25
\BOOKMARK [2][-]{subsection.2.4.5}{\376\377\0002\000.\0004\000.\0005\000.\000\040\000N\000a\000r\000r\000a\000t\000i\000v\000e\000\040\000F\000l\000o\000w}{section.2.4}% 26
\BOOKMARK [2][-]{subsection.2.4.6}{\376\377\0002\000.\0004\000.\0006\000.\000\040\000A\000r\000t\000i\000c\000y\000\040\000D\000r\000a\000f\000t}{section.2.4}% 27
\BOOKMARK [2][-]{subsection.2.4.7}{\376\377\0002\000.\0004\000.\0007\000.\000\040\000A\000n\000\341\000l\000i\000s\000e\000\040\000C\000o\000m\000p\000a\000r\000a\000t\000i\000v\000a}{section.2.4}% 28
\BOOKMARK [1][-]{section.2.5}{\376\377\0002\000.\0005\000.\000\040\000O\000\040\000F\000o\000r\000m\000a\000t\000o\000\040\000T\000w\000e\000e\0003\000\040\000e\000\040\000L\000i\000n\000g\000u\000a\000g\000e\000n\000s\000\040\000d\000e\000\040\000S\000c\000r\000i\000p\000t\000i\000n\000g\000\040\000N\000a\000r\000r\000a\000t\000i\000v\000o}{chapter.2}% 29
\BOOKMARK [2][-]{subsection.2.5.1}{\376\377\0002\000.\0005\000.\0001\000.\000\040\000S\000i\000n\000t\000a\000x\000e\000\040\000d\000e\000\040\000L\000i\000g\000a\000\347\000\365\000e\000s\000\040\000e\000\040\000T\000r\000a\000n\000s\000i\000\347\000\365\000e\000s}{section.2.5}% 30
\BOOKMARK [2][-]{subsection.2.5.2}{\376\377\0002\000.\0005\000.\0002\000.\000\040\000M\000e\000t\000a\000d\000a\000d\000o\000s\000\040\000G\000e\000o\000m\000\351\000t\000r\000i\000c\000o\000s\000\040\000e\000\040\000E\000t\000i\000q\000u\000e\000t\000a\000s\000\040\000\050\000T\000a\000g\000s\000\051}{section.2.5}% 31
\BOOKMARK [2][-]{subsection.2.5.3}{\376\377\0002\000.\0005\000.\0003\000.\000\040\000D\000e\000s\000t\000i\000n\000o\000s\000\040\000D\000i\000n\000\342\000m\000i\000c\000o\000s\000\040\000v\000s\000.\000\040\000V\000a\000l\000i\000d\000a\000\347\000\343\000o\000\040\000E\000s\000t\000\341\000t\000i\000c\000a}{section.2.5}% 32
\BOOKMARK [2][-]{subsection.2.5.4}{\376\377\0002\000.\0005\000.\0004\000.\000\040\000M\000a\000c\000r\000o\000s\000\040\000e\000\040\000L\000\363\000g\000i\000c\000a\000\040\000C\000o\000n\000d\000i\000c\000i\000o\000n\000a\000l}{section.2.5}% 33
\BOOKMARK [1][-]{section.2.6}{\376\377\0002\000.\0006\000.\000\040\000I\000n\000t\000e\000g\000r\000a\000\347\000\343\000o\000\040\000d\000e\000\040\000M\000o\000d\000e\000l\000o\000s\000\040\000d\000e\000\040\000L\000i\000n\000g\000u\000a\000g\000e\000m\000\040\000d\000e\000\040\000G\000r\000a\000n\000d\000e\000\040\000E\000s\000c\000a\000l\000a\000\040\000\050\000L\000L\000M\000s\000\051\000\040\000L\000o\000c\000a\000i\000s}{chapter.2}% 34
\BOOKMARK [2][-]{subsection.2.6.1}{\376\377\0002\000.\0006\000.\0001\000.\000\040\000A\000n\000\341\000l\000i\000s\000e\000\040\000d\000e\000\040\000F\000a\000m\000\355\000l\000i\000a\000s\000\040\000d\000e\000\040\000M\000o\000d\000e\000l\000o\000s\000\040\000e\000\040\000R\000e\000c\000o\000m\000e\000n\000d\000a\000\347\000\365\000e\000s}{section.2.6}% 35
\BOOKMARK [2][-]{subsection.2.6.2}{\376\377\0002\000.\0006\000.\0002\000.\000\040\000D\000e\000c\000i\000s\000\343\000o\000\040\000d\000e\000\040\000D\000e\000s\000i\000g\000n\000:\000\040\000D\000o\000\040\000C\000o\000-\000C\000r\000i\000a\000d\000o\000r\000\040\000a\000o\000\040\000A\000s\000s\000i\000s\000t\000e\000n\000t\000e\000\040\000d\000e\000\040\000C\000o\000n\000v\000e\000r\000s\000\343\000o}{section.2.6}% 36
\BOOKMARK [0][-]{chapter.3}{\376\377\0003\000.\000\040\000C\000o\000n\000c\000e\000\347\000\343\000o\000\040\000e\000\040\000D\000e\000s\000e\000n\000v\000o\000l\000v\000i\000m\000e\000n\000t\000o}{}% 37
\BOOKMARK [1][-]{section.3.1}{\376\377\0003\000.\0001\000.\000\040\000C\000r\000o\000n\000o\000g\000r\000a\000m\000a\000\040\000e\000\040\000F\000a\000s\000e\000s\000\040\000d\000e\000\040\000D\000e\000s\000e\000n\000v\000o\000l\000v\000i\000m\000e\000n\000t\000o}{chapter.3}% 38
\BOOKMARK [1][-]{section.3.2}{\376\377\0003\000.\0002\000.\000\040\000A\000r\000q\000u\000i\000t\000e\000t\000u\000r\000a\000\040\000G\000e\000r\000a\000l\000\040\000d\000o\000\040\000S\000i\000s\000t\000e\000m\000a}{chapter.3}% 39
\BOOKMARK [1][-]{section.3.3}{\376\377\0003\000.\0003\000.\000\040\000R\000e\000q\000u\000i\000s\000i\000t\000o\000s\000\040\000d\000o\000\040\000S\000i\000s\000t\000e\000m\000a}{chapter.3}% 40
\BOOKMARK [2][-]{subsection.3.3.1}{\376\377\0003\000.\0003\000.\0001\000.\000\040\000R\000e\000q\000u\000i\000s\000i\000t\000o\000s\000\040\000F\000u\000n\000c\000i\000o\000n\000a\000i\000s}{section.3.3}% 41
\BOOKMARK [2][-]{subsection.3.3.2}{\376\377\0003\000.\0003\000.\0002\000.\000\040\000R\000e\000q\000u\000i\000s\000i\000t\000o\000s\000\040\000N\000\343\000o\000\040\000F\000u\000n\000c\000i\000o\000n\000a\000i\000s}{section.3.3}% 42
\BOOKMARK [1][-]{section.3.4}{\376\377\0003\000.\0004\000.\000\040\000M\000\351\000t\000o\000d\000o\000s\000,\000\040\000T\000\351\000c\000n\000i\000c\000a\000s\000\040\000e\000\040\000E\000n\000q\000u\000a\000d\000r\000a\000m\000e\000n\000t\000o\000\040\000T\000e\000c\000n\000o\000l\000\363\000g\000i\000c\000o}{chapter.3}% 43
\BOOKMARK [2][-]{subsection.3.4.1}{\376\377\0003\000.\0004\000.\0001\000.\000\040\000J\000u\000s\000t\000i\000f\000i\000c\000a\000\347\000\343\000o\000\040\000d\000a\000s\000\040\000D\000e\000c\000i\000s\000\365\000e\000s\000\040\000d\000e\000\040\000D\000e\000s\000i\000g\000n}{section.3.4}% 44
\BOOKMARK [1][-]{section.3.5}{\376\377\0003\000.\0005\000.\000\040\000M\000o\000d\000e\000l\000a\000\347\000\343\000o\000\040\000d\000e\000\040\000D\000a\000d\000o\000s\000:\000\040\000L\000i\000s\000t\000a\000\040\000d\000e\000\040\000A\000d\000j\000a\000c\000\352\000n\000c\000i\000a}{chapter.3}% 45
\BOOKMARK [1][-]{section.3.6}{\376\377\0003\000.\0006\000.\000\040\000P\000a\000r\000s\000e\000r\000\040\000S\000\355\000n\000c\000r\000o\000n\000o\000\040\000e\000\040\000E\000s\000p\000e\000c\000i\000f\000i\000c\000a\000\347\000\343\000o\000\040\000T\000w\000e\000e\000\040\0003}{chapter.3}% 46
\BOOKMARK [2][-]{subsection.3.6.1}{\376\377\0003\000.\0006\000.\0001\000.\000\040\000I\000m\000p\000o\000r\000t\000a\000\347\000\343\000o\000\040\000e\000\040\000C\000o\000n\000v\000e\000r\000s\000\343\000o\000\040\000d\000e\000\040\000C\000o\000o\000r\000d\000e\000n\000a\000d\000a\000s\000\040\000d\000e\000\040\000Z\000o\000n\000a\000s}{section.3.6}% 47
\BOOKMARK [2][-]{subsection.3.6.2}{\376\377\0003\000.\0006\000.\0002\000.\000\040\000P\000a\000s\000s\000a\000g\000e\000n\000s\000\040\000E\000s\000p\000e\000c\000i\000a\000i\000s}{section.3.6}% 48
\BOOKMARK [2][-]{subsection.3.6.3}{\376\377\0003\000.\0006\000.\0003\000.\000\040\000M\000o\000d\000e\000l\000o\000\040\000S\000u\000g\000a\000r\000C\000u\000b\000e\000\040\000\050\000L\000i\000g\000a\000\347\000\365\000e\000s\000\040\000e\000\040\000M\000a\000c\000r\000o\000s\000\051}{section.3.6}% 49
\BOOKMARK [1][-]{section.3.7}{\376\377\0003\000.\0007\000.\000\040\000I\000n\000t\000e\000r\000a\000\347\000\343\000o\000\040\000V\000i\000s\000u\000a\000l\000,\000\040\000E\000d\000i\000\347\000\343\000o\000\040\000e\000\040\000A\000c\000e\000s\000s\000i\000b\000i\000l\000i\000d\000a\000d\000e}{chapter.3}% 50
\BOOKMARK [2][-]{subsection.3.7.1}{\376\377\0003\000.\0007\000.\0001\000.\000\040\000Z\000o\000n\000a\000s\000\040\000d\000e\000\040\000A\000g\000r\000u\000p\000a\000m\000e\000n\000t\000o\000\040\000V\000i\000s\000u\000a\000l}{section.3.7}% 51
\BOOKMARK [2][-]{subsection.3.7.2}{\376\377\0003\000.\0007\000.\0002\000.\000\040\000A\000r\000e\000s\000t\000a\000s\000\040\000C\000u\000r\000v\000a\000d\000a\000s\000\040\000c\000o\000m\000\040\000W\000a\000y\000p\000o\000i\000n\000t\000s}{section.3.7}% 52
\BOOKMARK [2][-]{subsection.3.7.3}{\376\377\0003\000.\0007\000.\0003\000.\000\040\000A\000c\000e\000s\000s\000i\000b\000i\000l\000i\000d\000a\000d\000e\000\040\000e\000\040\000I\000d\000e\000n\000t\000i\000d\000a\000d\000e\000\040\000V\000i\000s\000u\000a\000l\000\040\000C\000u\000s\000t\000o\000m\000i\000z\000a\000d\000a}{section.3.7}% 53
\BOOKMARK [2][-]{subsection.3.7.4}{\376\377\0003\000.\0007\000.\0004\000.\000\040\000M\000o\000d\000e\000l\000a\000\347\000\343\000o\000\040\000d\000e\000\040\000D\000a\000d\000o\000s\000\040\000e\000\040\000S\000i\000n\000c\000r\000o\000n\000i\000z\000a\000\347\000\343\000o\000\040\000c\000o\000m\000\040\000o\000\040\000R\000e\000a\000c\000t\000\040\000F\000l\000o\000w}{section.3.7}% 54
\BOOKMARK [1][-]{section.3.8}{\376\377\0003\000.\0008\000.\000\040\000V\000a\000l\000i\000d\000a\000\347\000\343\000o\000\040\000E\000s\000t\000\341\000t\000i\000c\000a\000\040\000e\000\040\000S\000i\000m\000u\000l\000a\000\347\000\343\000o}{chapter.3}% 55
\BOOKMARK [2][-]{subsection.3.8.1}{\376\377\0003\000.\0008\000.\0001\000.\000\040\000A\000l\000g\000o\000r\000i\000t\000m\000o\000\040\000d\000e\000\040\000V\000a\000l\000i\000d\000a\000\347\000\343\000o\000\040\000E\000s\000t\000\341\000t\000i\000c\000a\000\040\000e\000\040\000E\000x\000p\000l\000o\000r\000a\000\347\000\343\000o\000\040\000d\000o\000\040\000E\000s\000p\000a\000\347\000o\000\040\000d\000e\000\040\000E\000s\000t\000a\000d\000o\000s}{section.3.8}% 56
\BOOKMARK [2][-]{subsection.3.8.2}{\376\377\0003\000.\0008\000.\0002\000.\000\040\000S\000i\000m\000u\000l\000a\000d\000o\000r\000\040\000e\000m\000\040\000T\000e\000m\000p\000o\000\040\000R\000e\000a\000l\000\040\000\050\000P\000l\000a\000y\000M\000o\000d\000e\000\051\000\040\000e\000\040\000S\000m\000a\000r\000t\000\040\000W\000a\000l\000k\000e\000r}{section.3.8}% 57
\BOOKMARK [2][-]{subsection.3.8.3}{\376\377\0003\000.\0008\000.\0003\000.\000\040\000M\000o\000t\000o\000r\000\040\000d\000e\000\040\000C\000o\000m\000p\000i\000l\000a\000\347\000\343\000o\000\040\000J\000I\000T\000\040\000d\000e\000\040\000M\000a\000c\000r\000o\000s\000\040\000S\000u\000g\000a\000r\000C\000u\000b\000e}{section.3.8}% 58
\BOOKMARK [1][-]{section.3.9}{\376\377\0003\000.\0009\000.\000\040\000I\000n\000t\000e\000g\000r\000a\000\347\000\343\000o\000\040\000d\000e\000\040\000M\000o\000d\000e\000l\000o\000s\000\040\000d\000e\000\040\000L\000i\000n\000g\000u\000a\000g\000e\000m\000\040\000\050\000L\000L\000M\000s\000\051}{chapter.3}% 59
\BOOKMARK [2][-]{subsection.3.9.1}{\376\377\0003\000.\0009\000.\0001\000.\000\040\000A\000r\000q\000u\000i\000t\000e\000t\000u\000r\000a\000\040\000d\000e\000\040\000I\000n\000t\000e\000g\000r\000a\000\347\000\343\000o\000\040\000L\000o\000c\000a\000l}{section.3.9}% 60
\BOOKMARK [2][-]{subsection.3.9.2}{\376\377\0003\000.\0009\000.\0002\000.\000\040\000P\000a\000p\000e\000l\000\040\000d\000o\000\040\000L\000L\000M\000:\000\040\000C\000o\000n\000v\000e\000r\000s\000\343\000o\000\040\000e\000\040\000I\000m\000p\000o\000r\000t\000a\000\347\000\343\000o\000\040\000A\000u\000t\000o\000m\000\341\000t\000i\000c\000a\000\040\000d\000e\000\040\000H\000i\000s\000t\000\363\000r\000i\000a\000s}{section.3.9}% 61
\BOOKMARK [0][-]{chapter.4}{\376\377\0004\000.\000\040\000I\000m\000p\000l\000e\000m\000e\000n\000t\000a\000\347\000\343\000o\000\040\000e\000\040\000A\000v\000a\000l\000i\000a\000\347\000\343\000o}{}% 62
\BOOKMARK [1][-]{section.4.1}{\376\377\0004\000.\0001\000.\000\040\000E\000s\000t\000r\000u\000t\000u\000r\000a\000\040\000d\000o\000\040\000C\000\363\000d\000i\000g\000o\000\040\000e\000\040\000D\000e\000t\000a\000l\000h\000e\000s\000\040\000d\000e\000\040\000I\000m\000p\000l\000e\000m\000e\000n\000t\000a\000\347\000\343\000o}{chapter.4}% 63
\BOOKMARK [2][-]{subsection.4.1.1}{\376\377\0004\000.\0001\000.\0001\000.\000\040\000F\000u\000n\000c\000i\000o\000n\000a\000m\000e\000n\000t\000o\000\040\000d\000a\000\040\000I\000n\000t\000e\000r\000f\000a\000c\000e\000\040\000V\000i\000s\000u\000a\000l}{section.4.1}% 64
\BOOKMARK [2][-]{subsection.4.1.2}{\376\377\0004\000.\0001\000.\0002\000.\000\040\000F\000u\000n\000c\000i\000o\000n\000a\000m\000e\000n\000t\000o\000\040\000d\000a\000\040\000C\000a\000m\000a\000d\000a\000\040\000d\000e\000\040\000L\000\363\000g\000i\000c\000a}{section.4.1}% 65
\BOOKMARK [1][-]{section.4.2}{\376\377\0004\000.\0002\000.\000\040\000T\000e\000s\000t\000e\000s\000\040\000d\000e\000\040\000C\000o\000n\000v\000e\000r\000s\000\343\000o\000\040\000e\000\040\000C\000o\000m\000p\000a\000r\000a\000\347\000\343\000o\000\040\000d\000e\000\040\000M\000o\000d\000e\000l\000o\000s\000\040\000d\000e\000\040\000L\000i\000n\000g\000u\000a\000g\000e\000m\000\040\000\050\000I\000A\000\040\000L\000o\000c\000a\000l\000\051}{chapter.4}% 66
\BOOKMARK [2][-]{subsection.4.2.1}{\376\377\0004\000.\0002\000.\0001\000.\000\040\000P\000r\000i\000m\000e\000i\000r\000a\000\040\000F\000a\000s\000e\000:\000\040\000T\000e\000s\000t\000e\000s\000\040\000e\000m\000\040\000M\000\341\000q\000u\000i\000n\000a\000\040\000L\000o\000c\000a\000l\000\040\000\050\000R\000T\000X\000\040\0003\0000\0005\0000\000\051}{section.4.2}% 67
\BOOKMARK [2][-]{subsection.4.2.2}{\376\377\0004\000.\0002\000.\0002\000.\000\040\000S\000e\000g\000u\000n\000d\000a\000\040\000F\000a\000s\000e\000:\000\040\000T\000e\000s\000t\000e\000s\000\040\000n\000o\000\040\000S\000e\000r\000v\000i\000d\000o\000r\000\040\000c\000o\000m\000\040\000G\000P\000U\000\040\000T\000i\000t\000a\000n\000\040\000X\000p\000\040\000\050\0001\0002\000G\000i\000B\000\051}{section.4.2}% 68
\BOOKMARK [2][-]{subsection.4.2.3}{\376\377\0004\000.\0002\000.\0003\000.\000\040\000C\000o\000r\000r\000e\000\347\000\343\000o\000\040\000d\000e\000\040\000C\000a\000r\000a\000c\000t\000e\000r\000e\000s\000\040\000E\000s\000t\000r\000a\000n\000h\000o\000s\000\040\000e\000\040\000A\000j\000u\000s\000t\000e\000s\000\040\000d\000e\000\040\000E\000x\000e\000c\000u\000\347\000\343\000o}{section.4.2}% 69
\BOOKMARK [2][-]{subsection.4.2.4}{\376\377\0004\000.\0002\000.\0004\000.\000\040\000E\000s\000t\000a\000d\000o\000\040\000A\000t\000u\000a\000l\000\040\000d\000a\000\040\000F\000u\000n\000c\000i\000o\000n\000a\000l\000i\000d\000a\000d\000e\000\040\000\050\000B\000e\000t\000a\000\051}{section.4.2}% 70
\BOOKMARK [1][-]{section.4.3}{\376\377\0004\000.\0003\000.\000\040\000M\000e\000t\000o\000d\000o\000l\000o\000g\000i\000a\000\040\000d\000o\000s\000\040\000T\000e\000s\000t\000e\000s\000\040\000d\000e\000\040\000U\000t\000i\000l\000i\000z\000a\000d\000o\000r}{chapter.4}% 71
\BOOKMARK [2][-]{subsection.4.3.1}{\376\377\0004\000.\0003\000.\0001\000.\000\040\000P\000e\000r\000f\000i\000l\000\040\000d\000o\000s\000\040\000P\000a\000r\000t\000i\000c\000i\000p\000a\000n\000t\000e\000s}{section.4.3}% 72
\BOOKMARK [2][-]{subsection.4.3.2}{\376\377\0004\000.\0003\000.\0002\000.\000\040\000T\000a\000r\000e\000f\000a\000s\000\040\000A\000v\000a\000l\000i\000a\000d\000a\000s}{section.4.3}% 73
\BOOKMARK [1][-]{section.4.4}{\376\377\0004\000.\0004\000.\000\040\000R\000e\000s\000u\000l\000t\000a\000d\000o\000s\000\040\000d\000o\000s\000\040\000T\000e\000s\000t\000e\000s\000\040\000e\000\040\000D\000e\000s\000e\000n\000v\000o\000l\000v\000i\000m\000e\000n\000t\000o\000\040\000I\000t\000e\000r\000a\000t\000i\000v\000o}{chapter.4}% 74
\BOOKMARK [2][-]{subsection.4.4.1}{\376\377\0004\000.\0004\000.\0001\000.\000\040\000P\000r\000i\000m\000e\000i\000r\000a\000\040\000L\000e\000v\000a\000:\000\040\000P\000r\000o\000t\000\363\000t\000i\000p\000o\000\040\000I\000n\000i\000c\000i\000a\000l\000\040\000\050\000A\000b\000r\000i\000l\000\040\000d\000e\000\040\0002\0000\0002\0006\000\051}{section.4.4}% 75
\BOOKMARK [2][-]{subsection.4.4.2}{\376\377\0004\000.\0004\000.\0002\000.\000\040\000S\000e\000g\000u\000n\000d\000a\000\040\000L\000e\000v\000a\000:\000\040\000P\000r\000o\000t\000\363\000t\000i\000p\000o\000\040\000I\000n\000t\000e\000r\000m\000\351\000d\000i\000o\000\040\000\050\000M\000a\000i\000o\000\040\000d\000e\000\040\0002\0000\0002\0006\000\051}{section.4.4}% 76
\BOOKMARK [2][-]{subsection.4.4.3}{\376\377\0004\000.\0004\000.\0003\000.\000\040\000T\000e\000r\000c\000e\000i\000r\000a\000\040\000L\000e\000v\000a\000:\000\040\000P\000r\000o\000t\000\363\000t\000i\000p\000o\000\040\000F\000i\000n\000a\000l\000\040\000\050\000J\000u\000n\000h\000o\000\040\000d\000e\000\040\0002\0000\0002\0006\000\051}{section.4.4}% 77
\BOOKMARK [2][-]{subsection.4.4.4}{\376\377\0004\000.\0004\000.\0004\000.\000\040\000F\000e\000e\000d\000b\000a\000c\000k\000\040\000Q\000u\000a\000l\000i\000t\000a\000t\000i\000v\000o\000\040\000e\000\040\000U\000s\000a\000b\000i\000l\000i\000d\000a\000d\000e\000\040\000V\000i\000s\000u\000a\000l}{section.4.4}% 78
\BOOKMARK [1][-]{section.4.5}{\376\377\0004\000.\0005\000.\000\040\000D\000i\000s\000c\000u\000s\000s\000\343\000o\000\040\000e\000\040\000L\000i\000m\000i\000t\000a\000\347\000\365\000e\000s\000\040\000d\000o\000\040\000E\000s\000t\000u\000d\000o}{chapter.4}% 79
\BOOKMARK [2][-]{subsection.4.5.1}{\376\377\0004\000.\0005\000.\0001\000.\000\040\000D\000i\000s\000c\000u\000s\000s\000\343\000o\000\040\000C\000r\000\355\000t\000i\000c\000a\000\040\000d\000o\000\040\000D\000e\000s\000e\000n\000v\000o\000l\000v\000i\000m\000e\000n\000t\000o}{section.4.5}% 80
\BOOKMARK [2][-]{subsection.4.5.2}{\376\377\0004\000.\0005\000.\0002\000.\000\040\000L\000i\000m\000i\000t\000a\000\347\000\365\000e\000s\000\040\000M\000e\000t\000o\000d\000o\000l\000\363\000g\000i\000c\000a\000s\000\040\000d\000a\000\040\000A\000v\000a\000l\000i\000a\000\347\000\343\000o}{section.4.5}% 81
\BOOKMARK [2][-]{subsection.4.5.3}{\376\377\0004\000.\0005\000.\0003\000.\000\040\000L\000i\000m\000i\000t\000a\000\347\000\365\000e\000s\000\040\000T\000e\000c\000n\000o\000l\000\363\000g\000i\000c\000a\000s\000\040\000e\000\040\000F\000u\000n\000c\000i\000o\000n\000a\000l\000i\000d\000a\000d\000e\000\040\000d\000e\000\040\000I\000A}{section.4.5}% 82
\BOOKMARK [0][-]{chapter.5}{\376\377\0005\000.\000\040\000C\000o\000n\000c\000l\000u\000s\000\343\000o\000\040\000e\000\040\000T\000r\000a\000b\000a\000l\000h\000o\000\040\000F\000u\000t\000u\000r\000o}{}% 83
\BOOKMARK [1][-]{section.5.1}{\376\377\0005\000.\0001\000.\000\040\000C\000o\000n\000c\000l\000u\000s\000\343\000o}{chapter.5}% 84
\BOOKMARK [2][-]{subsection.5.1.1}{\376\377\0005\000.\0001\000.\0001\000.\000\040\000P\000o\000r\000q\000u\000\352\000\040\000E\000s\000c\000o\000l\000h\000e\000r\000\040\000o\000\040\000P\000l\000o\000t\000\040\000i\000n\000\040\000a\000\040\000P\000o\000t\000?}{section.5.1}% 85
\BOOKMARK [1][-]{section.5.2}{\376\377\0005\000.\0002\000.\000\040\000T\000r\000a\000b\000a\000l\000h\000o\000\040\000F\000u\000t\000u\000r\000o}{chapter.5}% 86
\BOOKMARK [0][-]{chapter*.43}{\376\377\000B\000i\000b\000l\000i\000o\000g\000r\000a\000p\000h\000y}{}% 87
\BOOKMARK [0][-]{appendix.A}{\376\377\000A\000.\000\040\000M\000a\000n\000u\000a\000l\000\040\000d\000e\000\040\000U\000t\000i\000l\000i\000z\000a\000\347\000\343\000o\000\040\000e\000\040\000I\000n\000s\000t\000a\000l\000a\000\347\000\343\000o}{}% 88
\BOOKMARK [1][-]{section.A.1}{\376\377\000A\000.\0001\000.\000\040\000R\000e\000q\000u\000i\000s\000i\000t\000o\000s\000\040\000d\000o\000\040\000S\000i\000s\000t\000e\000m\000a\000\040\000e\000\040\000I\000n\000s\000t\000a\000l\000a\000\347\000\343\000o\000\040\000L\000o\000c\000a\000l}{appendix.A}% 89
\BOOKMARK [2][-]{subsection.A.1.1}{\376\377\000A\000.\0001\000.\0001\000.\000\040\000I\000n\000s\000t\000a\000l\000a\000\347\000\343\000o\000\040\000d\000o\000\040\000E\000d\000i\000t\000o\000r\000\040\000W\000e\000b}{section.A.1}% 90
\BOOKMARK [2][-]{subsection.A.1.2}{\376\377\000A\000.\0001\000.\0002\000.\000\040\000C\000o\000n\000f\000i\000g\000u\000r\000a\000\347\000\343\000o\000\040\000d\000o\000\040\000S\000e\000r\000v\000i\000d\000o\000r\000\040\000d\000e\000\040\000I\000A\000\040\000L\000o\000c\000a\000l\000\040\000\050\000O\000l\000l\000a\000m\000a\000\051}{section.A.1}% 91
\BOOKMARK [1][-]{section.A.2}{\376\377\000A\000.\0002\000.\000\040\000M\000a\000n\000u\000a\000l\000\040\000d\000e\000\040\000U\000t\000i\000l\000i\000z\000a\000\347\000\343\000o\000\040\000d\000o\000\040\000E\000d\000i\000t\000o\000r\000\040\000G\000r\000\341\000f\000i\000c\000o}{appendix.A}% 92
\BOOKMARK [2][-]{subsection.A.2.1}{\376\377\000A\000.\0002\000.\0001\000.\000\040\000O\000\040\000C\000a\000n\000v\000a\000s\000\040\000I\000n\000t\000e\000r\000a\000t\000i\000v\000o}{section.A.2}% 93
\BOOKMARK [2][-]{subsection.A.2.2}{\376\377\000A\000.\0002\000.\0002\000.\000\040\000C\000r\000i\000a\000\347\000\343\000o\000\040\000e\000\040\000E\000d\000i\000\347\000\343\000o\000\040\000d\000e\000\040\000N\000\363\000s\000\040\000N\000a\000r\000r\000a\000t\000i\000v\000o\000s\000\040\000\050\000C\000e\000n\000a\000s\000\051}{section.A.2}% 94
\BOOKMARK [2][-]{subsection.A.2.3}{\376\377\000A\000.\0002\000.\0003\000.\000\040\000C\000r\000i\000a\000\347\000\343\000o\000\040\000d\000e\000\040\000L\000i\000g\000a\000\347\000\365\000e\000s\000\040\000e\000\040\000A\000r\000e\000s\000t\000a\000s\000\040\000d\000e\000\040\000E\000s\000c\000o\000l\000h\000a}{section.A.2}% 95
\BOOKMARK [2][-]{subsection.A.2.4}{\376\377\000A\000.\0002\000.\0004\000.\000\040\000A\000g\000r\000u\000p\000a\000m\000e\000n\000t\000o\000\040\000e\000m\000\040\000Z\000o\000n\000a\000s\000\040\000\050\000C\000a\000p\000\355\000t\000u\000l\000o\000s\000\051}{section.A.2}% 96
\BOOKMARK [1][-]{section.A.3}{\376\377\000A\000.\0003\000.\000\040\000P\000r\000o\000g\000r\000a\000m\000a\000\347\000\343\000o\000\040\000d\000e\000\040\000L\000\363\000g\000i\000c\000a\000\040\000N\000a\000r\000r\000a\000t\000i\000v\000a\000\040\000e\000\040\000V\000a\000r\000i\000\341\000v\000e\000i\000s}{appendix.A}% 97
\BOOKMARK [2][-]{subsection.A.3.1}{\376\377\000A\000.\0003\000.\0001\000.\000\040\000G\000e\000s\000t\000\343\000o\000\040\000d\000e\000\040\000V\000a\000r\000i\000\341\000v\000e\000i\000s\000\040\000\050\000F\000i\000g\000m\000a\000-\000S\000t\000y\000l\000e\000\040\000T\000o\000k\000e\000n\000s\000\051}{section.A.3}% 98
\BOOKMARK [2][-]{subsection.A.3.2}{\376\377\000A\000.\0003\000.\0002\000.\000\040\000E\000d\000i\000\347\000\343\000o\000\040\000d\000e\000\040\000L\000\363\000g\000i\000c\000a\000\040\000c\000o\000n\000d\000i\000c\000i\000o\000n\000a\000l\000\040\000p\000o\000r\000\040\000C\000\363\000d\000i\000g\000o}{section.A.3}% 99
\BOOKMARK [2][-]{subsection.A.3.3}{\376\377\000A\000.\0003\000.\0003\000.\000\040\000E\000d\000i\000t\000o\000r\000\040\000d\000e\000\040\000L\000\363\000g\000i\000c\000a\000\040\000E\000s\000t\000r\000u\000t\000u\000r\000a\000d\000a}{section.A.3}% 100
\BOOKMARK [1][-]{section.A.4}{\376\377\000A\000.\0004\000.\000\040\000T\000r\000a\000d\000u\000\347\000\343\000o\000\040\000e\000\040\000L\000o\000c\000a\000l\000i\000z\000a\000\347\000\343\000o\000\040\000M\000u\000l\000t\000i\000-\000i\000d\000i\000o\000m\000a}{appendix.A}% 101
\BOOKMARK [2][-]{subsection.A.4.1}{\376\377\000A\000.\0004\000.\0001\000.\000\040\000C\000o\000n\000f\000i\000g\000u\000r\000a\000r\000\040\000I\000d\000i\000o\000m\000a\000s}{section.A.4}% 102
\BOOKMARK [2][-]{subsection.A.4.2}{\376\377\000A\000.\0004\000.\0002\000.\000\040\000E\000d\000i\000t\000a\000r\000\040\000T\000e\000x\000t\000o\000s\000\040\000n\000a\000\040\000M\000a\000t\000r\000i\000z}{section.A.4}% 103
\BOOKMARK [2][-]{subsection.A.4.3}{\376\377\000A\000.\0004\000.\0003\000.\000\040\000I\000m\000p\000o\000r\000t\000a\000\347\000\343\000o\000\040\000e\000\040\000E\000x\000p\000o\000r\000t\000a\000\347\000\343\000o\000\040\000d\000e\000\040\000F\000i\000c\000h\000e\000i\000r\000o\000s\000\040\000c\000s\000v}{section.A.4}% 104
\BOOKMARK [1][-]{section.A.5}{\376\377\000A\000.\0005\000.\000\040\000V\000a\000l\000i\000d\000a\000\347\000\343\000o\000\040\000L\000\363\000g\000i\000c\000a\000\040\000e\000\040\000S\000i\000m\000u\000l\000a\000\347\000\343\000o\000\040\000d\000e\000\040\000J\000o\000g\000o}{appendix.A}% 105
\BOOKMARK [2][-]{subsection.A.5.1}{\376\377\000A\000.\0005\000.\0001\000.\000\040\000O\000\040\000P\000a\000i\000n\000e\000l\000\040\000d\000e\000\040\000V\000a\000l\000i\000d\000a\000\347\000\343\000o\000\040\000E\000s\000t\000\341\000t\000i\000c\000a}{section.A.5}% 106
\BOOKMARK [2][-]{subsection.A.5.2}{\376\377\000A\000.\0005\000.\0002\000.\000\040\000S\000i\000m\000u\000l\000a\000\347\000\343\000o\000\040\000A\000t\000i\000v\000a\000\040\000\050\000P\000l\000a\000y\000M\000o\000d\000e\000\051\000\040\000e\000\040\000T\000e\000s\000t\000e\000s\000\040\000c\000o\000m\000\040\000o\000\040\000S\000m\000a\000r\000t\000\040\000W\000a\000l\000k\000e\000r}{section.A.5}% 107
\BOOKMARK [1][-]{section.A.6}{\376\377\000A\000.\0006\000.\000\040\000O\000p\000e\000r\000a\000\347\000\365\000e\000s\000\040\000d\000e\000\040\000F\000i\000c\000h\000e\000i\000r\000o\000s\000\040\000e\000\040\000P\000u\000b\000l\000i\000c\000a\000\347\000\343\000o\000\040\000d\000o\000\040\000P\000r\000o\000j\000e\000t\000o}{appendix.A}% 108
\BOOKMARK [2][-]{subsection.A.6.1}{\376\377\000A\000.\0006\000.\0001\000.\000\040\000I\000m\000p\000o\000r\000t\000a\000r\000\040\000F\000i\000c\000h\000e\000i\000r\000o\000s\000\040\000T\000w\000e\000e\000\040\0003}{section.A.6}% 109
\BOOKMARK [2][-]{subsection.A.6.2}{\376\377\000A\000.\0006\000.\0002\000.\000\040\000E\000x\000p\000o\000r\000t\000a\000r\000\040\000a\000\040\000H\000i\000s\000t\000\363\000r\000i\000a}{section.A.6}% 110
\BOOKMARK [0][-]{appendix.B}{\376\377\000B\000.\000\040\000G\000u\000i\000\343\000o\000\040\000d\000e\000\040\000T\000e\000s\000t\000e\000s\000\040\000e\000\040\000Q\000u\000e\000s\000t\000i\000o\000n\000\341\000r\000i\000o\000\040\000d\000e\000\040\000A\000v\000a\000l\000i\000a\000\347\000\343\000o}{}% 111
\BOOKMARK [1][-]{section.B.1}{\376\377\000B\000.\0001\000.\000\040\000G\000u\000i\000\343\000o\000\040\000d\000e\000\040\000T\000a\000r\000e\000f\000a\000s\000\040\000d\000e\000\040\000T\000e\000s\000t\000e}{appendix.B}% 112
\BOOKMARK [1][-]{section.B.2}{\376\377\000B\000.\0002\000.\000\040\000Q\000u\000e\000s\000t\000i\000o\000n\000\341\000r\000i\000o\000\040\000S\000y\000s\000t\000e\000m\000\040\000U\000s\000a\000b\000i\000l\000i\000t\000y\000\040\000S\000c\000a\000l\000e\000\040\000\050\000S\000U\000S\000\051}{appendix.B}% 113
